\BOOKMARK [1][-]{section.1}{Introduction}{}% 1
\BOOKMARK [2][-]{subsection.1.1}{Robotique en essaim}{section.1}% 2
\BOOKMARK [2][-]{subsection.1.2}{Couverture}{section.1}% 3
\BOOKMARK [2][-]{subsection.1.3}{Agr\351gation}{section.1}% 4
\BOOKMARK [2][-]{subsection.1.4}{Algorithmes g\351n\351tiques en ligne}{section.1}% 5
\BOOKMARK [2][-]{subsection.1.5}{Probl\351matique}{section.1}% 6
\BOOKMARK [1][-]{section.2}{Mat\351riel utilis\351}{}% 7
\BOOKMARK [2][-]{subsection.2.1}{Kilobot}{section.2}% 8
\BOOKMARK [2][-]{subsection.2.2}{Bloc Actif}{section.2}% 9
\BOOKMARK [2][-]{subsection.2.3}{Ar\350ne}{section.2}% 10
\BOOKMARK [2][-]{subsection.2.4}{Simulateur}{section.2}% 11
\BOOKMARK [1][-]{section.3}{Couverture}{}% 12
\BOOKMARK [2][-]{subsection.3.1}{Algorithme}{section.3}% 13
\BOOKMARK [2][-]{subsection.3.2}{R\351sultats}{section.3}% 14
\BOOKMARK [3][-]{subsubsection.3.2.1}{Commencement group\351}{subsection.3.2}% 15
\BOOKMARK [3][-]{subsubsection.3.2.2}{Commencement \351parpill\351}{subsection.3.2}% 16
\BOOKMARK [3][-]{subsubsection.3.2.3}{Comparaison}{subsection.3.2}% 17
\BOOKMARK [1][-]{section.4}{Agr\351gation}{}% 18
\BOOKMARK [2][-]{subsection.4.1}{Agr\351gation na\357ve}{section.4}% 19
\BOOKMARK [2][-]{subsection.4.2}{Agr\351gation probabiliste}{section.4}% 20
\BOOKMARK [2][-]{subsection.4.3}{R\351sultats}{section.4}% 21
\BOOKMARK [3][-]{subsubsection.4.3.1}{Agr\351gation na\357ve}{subsection.4.3}% 22
\BOOKMARK [3][-]{subsubsection.4.3.2}{Agr\351gation probabiliste}{subsection.4.3}% 23
\BOOKMARK [1][-]{section.5}{mEDEA}{}% 24
\BOOKMARK [2][-]{subsection.5.1}{Algorithme}{section.5}% 25
\BOOKMARK [2][-]{subsection.5.2}{R\351sultats}{section.5}% 26
\BOOKMARK [1][-]{section.6}{Conclusion}{}% 27
\BOOKMARK [1][-]{section.7}{Bibliographie}{}% 28
